<?xml version="1.0" encoding="UTF-8"?>
<!-- Generated by org.testng.reporters.JUnitXMLReporter -->
<testsuite hostname="USMUMABHISHAGR2" name="Default test" tests="3" failures="0" timestamp="16 Apr 2019 08:41:17 GMT" time="0.059" errors="0">
  <testcase name="@BeforeTest init" time="0.0" classname="learning.testScripts.AgodaTest">
    <failure type="org.testng.TestNGException" message="
Parameter &amp;apos;URL1&amp;apos; is required by @Configuration on method init but has not been marked @Optional or defined
in C:\Users\abhishagrawal\AppData\Local\Temp\testng-eclipse--1482962850\testng-customsuite.xml">
      <![CDATA[org.testng.TestNGException: 
Parameter 'URL1' is required by @Configuration on method init but has not been marked @Optional or defined
in C:\Users\abhishagrawal\AppData\Local\Temp\testng-eclipse--1482962850\testng-customsuite.xml
	at org.testng.internal.Parameters.createParameters(Parameters.java:154)
	at org.testng.internal.Parameters.createParameters(Parameters.java:361)
	at org.testng.internal.Parameters.createConfigurationParameters(Parameters.java:84)
	at org.testng.internal.Invoker.invokeConfigurations(Invoker.java:201)
	at org.testng.internal.Invoker.invokeConfigurations(Invoker.java:142)
	at org.testng.TestRunner.beforeRun(TestRunner.java:656)
	at org.testng.TestRunner.run(TestRunner.java:624)
	at org.testng.SuiteRunner.runTest(SuiteRunner.java:366)
	at org.testng.SuiteRunner.runSequentially(SuiteRunner.java:361)
	at org.testng.SuiteRunner.privateRun(SuiteRunner.java:319)
	at org.testng.SuiteRunner.run(SuiteRunner.java:268)
	at org.testng.SuiteRunnerWorker.runSuite(SuiteRunnerWorker.java:52)
	at org.testng.SuiteRunnerWorker.run(SuiteRunnerWorker.java:86)
	at org.testng.TestNG.runSuitesSequentially(TestNG.java:1244)
	at org.testng.TestNG.runSuitesLocally(TestNG.java:1169)
	at org.testng.TestNG.run(TestNG.java:1064)
	at org.testng.remote.AbstractRemoteTestNG.run(AbstractRemoteTestNG.java:115)
	at org.testng.remote.RemoteTestNG.initAndRun(RemoteTestNG.java:251)
	at org.testng.remote.RemoteTestNG.main(RemoteTestNG.java:77)
]]>
    </failure>
  </testcase> <!-- @BeforeTest init -->
  <testcase name="@AfterTest closeBrowser" time="0.0" classname="learning.testScripts.AgodaTest">
    <skipped/>
  </testcase> <!-- @AfterTest closeBrowser -->
  <testcase name="enterDetails" time="0.002" classname="learning.testScripts.AgodaTest">
    <skipped/>
  </testcase> <!-- enterDetails -->
  <testcase name="searchHotelwithMinimumPrice" time="0.0" classname="learning.testScripts.AgodaTest">
    <skipped/>
  </testcase> <!-- searchHotelwithMinimumPrice -->
  <testcase name="confirmBooking" time="0.0" classname="learning.testScripts.AgodaTest">
    <skipped/>
  </testcase> <!-- confirmBooking -->
</testsuite> <!-- Default test -->
